<?xml version="1.0" encoding="UTF-8"?>
<!-- Generated by org.testng.reporters.JUnitReportReporter -->
<testsuite hostname="anvitha" failures="0" tests="1" name="parametersPractice.Parameters" time="4.769" errors="0" timestamp="2023-04-26T13:30:10 IST" skipped="0">
  <testcase classname="parametersPractice.Parameters" name="m1" time="4.769"/>
  <system-out/>
</testsuite> <!-- parametersPractice.Parameters -->
